Not Found: /
[16/Oct/2018 06:46:45] "GET / HTTP/1.1" 404 2043
Not Found: /
[16/Oct/2018 06:46:51] "GET / HTTP/1.1" 404 2043
Not Found: /recipes/search/egg/
[16/Oct/2018 06:46:52] "GET /recipes/search/egg/ HTTP/1.1" 404 2232
Not Found: /recipes/search/egg/
[16/Oct/2018 06:46:55] "GET /recipes/search/egg/ HTTP/1.1" 404 2232
[16/Oct/2018 06:47:08] "GET /recipes/pythonSearch/egg/ HTTP/1.1" 200 88
Not Found: /favicon.ico
[16/Oct/2018 06:47:08] "GET /favicon.ico HTTP/1.1" 404 2094
[16/Oct/2018 06:48:17] "GET /recipes/pythonSearch/a/ HTTP/1.1" 200 494
[16/Oct/2018 06:48:32] "GET /recipes/pythonSearch/a/ HTTP/1.1" 200 494
Not Found: /favicon.ico
[16/Oct/2018 06:48:32] "GET /favicon.ico HTTP/1.1" 404 2094
Not Found: /apple-touch-icon-precomposed.png
[16/Oct/2018 06:48:32] "GET /apple-touch-icon-precomposed.png HTTP/1.1" 404 2157
Not Found: /apple-touch-icon.png
[16/Oct/2018 06:48:32] "GET /apple-touch-icon.png HTTP/1.1" 404 2121
Performing system checks...

System check identified no issues (0 silenced).
October 16, 2018 - 06:46:26
Django version 2.0.5, using settings 'pythonMicroservice.settings'
Starting development server at http://127.0.0.1:8000/
Quit the server with CONTROL-C.
<QuerySet [<Ingredient: Ingredient object (1)>, <Ingredient: Ingredient object (2)>]>
<QuerySet [<Ingredient: Ingredient object (1)>, <Ingredient: Ingredient object (2)>]>
<QuerySet [<Ingredient: Ingredient object (2)>]>
<QuerySet [<Ingredient: Ingredient object (1)>, <Ingredient: Ingredient object (2)>]>
<QuerySet [<Ingredient: Ingredient object (2)>]>
[16/Oct/2018 07:12:24] "GET /recipes/pythonSearch/a/ HTTP/1.1" 200 494
